<?xml version="1.0" encoding="UTF-8"?>
<!-- Generated by org.testng.reporters.JUnitReportReporter -->
<testsuite hostname="DESKTOP-G3" failures="0" tests="3" name="tests.AddProductToCompareListTest" time="11.271" errors="0" timestamp="2023-04-08T13:04:45 EET" skipped="0">
  <testcase classname="tests.AddProductToCompareListTest" name="testSearchForProductUsingAutoSuggest" time="11.224"/>
  <system-out/>
  <testcase classname="tests.AddProductToCompareListTest" name="testsecoundintem" time="0.016"/>
  <system-out/>
  <testcase classname="tests.AddProductToCompareListTest" name="testCompareList" time="0.031"/>
  <system-out/>
</testsuite> <!-- tests.AddProductToCompareListTest -->
