<?xml version="1.0" encoding="UTF-8"?>
<!-- Generated by org.testng.reporters.JUnitReportReporter -->
<testsuite hostname="DESKTOP-G3" failures="0" tests="1" name="tests.UserRegistraionTest" time="4.211" errors="0" timestamp="2023-04-04T22:37:32 EET" skipped="0">
  <testcase classname="tests.UserRegistraionTest" name="userCanRegisterSuccessfully" time="4.211"/>
  <system-out/>
</testsuite> <!-- tests.UserRegistraionTest -->
