<?xml version="1.0" encoding="UTF-8"?>
<!-- Generated by org.testng.reporters.JUnitReportReporter -->
<testsuite hostname="DESKTOP-G3" failures="0" tests="1" name="tests.ChangeCurrency" time="8.371" errors="0" timestamp="2023-04-07T23:37:50 EET" skipped="0">
  <testcase classname="tests.ChangeCurrency" name="changeCurrencyTest" time="8.371"/>
  <system-out/>
</testsuite> <!-- tests.ChangeCurrency -->
