<?xml version="1.0" encoding="UTF-8"?>
<!-- Generated by org.testng.reporters.JUnitReportReporter -->
<testsuite hostname="DESKTOP-G3" failures="0" tests="3" name="tests.EmailFriendTest" time="9.877" errors="0" timestamp="2023-04-07T22:44:38 EET" skipped="0">
  <testcase classname="tests.EmailFriendTest" name="userCanRegisterSuccessfully" time="2.170"/>
  <system-out/>
  <testcase classname="tests.EmailFriendTest" name="testSearchForProductUsingAutoSuggest" time="5.203"/>
  <system-out/>
  <testcase classname="tests.EmailFriendTest" name="testEmailFriend" time="2.504"/>
  <system-out/>
</testsuite> <!-- tests.EmailFriendTest -->
