<?xml version="1.0" encoding="UTF-8"?>
<!-- Generated by org.testng.reporters.JUnitReportReporter -->
<testsuite hostname="DESKTOP-G3" failures="0" tests="3" name="tests.UserRegistraionTest" time="15.909" errors="0" timestamp="2023-04-14T21:16:13 EET" skipped="0">
  <testcase classname="tests.UserRegistraionTest" name="registeredUserCanLogin" time="5.296"/>
  <system-out/>
  <testcase classname="tests.UserRegistraionTest" name="userCanRegisterSuccessfully" time="5.790"/>
  <system-out/>
  <testcase classname="tests.UserRegistraionTest" name="userCanRegisterSuccessfully" time="4.823"/>
  <system-out/>
</testsuite> <!-- tests.UserRegistraionTest -->
