<?xml version="1.0" encoding="UTF-8"?>
<!-- Generated by org.testng.reporters.JUnitReportReporter -->
<testsuite hostname="DESKTOP-G3" failures="0" tests="1" name="tests.SearchProductUsingAutoSuggestTest" time="4.858" errors="0" timestamp="2023-04-06T13:49:54 EET" skipped="0">
  <testcase classname="tests.SearchProductUsingAutoSuggestTest" name="testSearchForProductUsingAutoSuggest" time="4.858"/>
  <system-out/>
</testsuite> <!-- tests.SearchProductUsingAutoSuggestTest -->
