<?xml version="1.0" encoding="UTF-8"?>
<!-- Generated by org.testng.reporters.JUnitReportReporter -->
<testsuite hostname="DESKTOP-G3" failures="0" tests="1" name="runner.TestRunner" time="28.100" errors="0" timestamp="2023-04-16T15:31:17 EET" skipped="0">
  <testcase classname="runner.TestRunner" name="runScenario" time="28.100"/>
  <system-out/>
</testsuite> <!-- runner.TestRunner -->
