<?xml version="1.0" encoding="UTF-8"?>
<!-- Generated by org.testng.reporters.JUnitReportReporter -->
<testsuite hostname="DESKTOP-G3" failures="0" tests="1" name="tests.ContactusTest" time="2.075" errors="0" timestamp="2023-04-06T15:35:54 EET" skipped="0">
  <testcase classname="tests.ContactusTest" name="testContactusForm" time="2.075"/>
  <system-out/>
</testsuite> <!-- tests.ContactusTest -->
