<?xml version="1.0" encoding="UTF-8"?>
<!-- Generated by org.testng.reporters.JUnitReportReporter -->
<testsuite hostname="DESKTOP-G3" failures="0" tests="1" name="tests.Ayhaga" time="5.891" errors="0" timestamp="2023-04-04T17:00:06 EET" skipped="0">
  <testcase classname="tests.Ayhaga" name="testa" time="5.891"/>
  <system-out/>
</testsuite> <!-- tests.Ayhaga -->
