<?xml version="1.0" encoding="UTF-8"?>
<!-- Generated by org.testng.reporters.JUnitReportReporter -->
<testsuite hostname="DESKTOP-G3" failures="0" tests="2" name="tests.UserRegistraionTestWithDDTProperities" time="9.275" errors="0" timestamp="2023-04-14T23:47:33 EET" skipped="0">
  <testcase classname="tests.UserRegistraionTestWithDDTProperities" name="registeredUserCanLogin" time="4.668"/>
  <system-out/>
  <testcase classname="tests.UserRegistraionTestWithDDTProperities" name="userCanRegisterSuccessfully" time="4.607"/>
  <system-out/>
</testsuite> <!-- tests.UserRegistraionTestWithDDTProperities -->
